<?xml version="1.0" encoding="UTF-8"?>
<!-- Generated by org.testng.reporters.JUnitXMLReporter -->
<testsuite ignored="4" hostname="INDC-PF1ZRNMT" failures="3" tests="3" name="Test" time="6.779" errors="0" timestamp="2022-11-30T13:25:37 IST">
  <testcase classname="tests.rest.TC001_CreateIncident" name="createIncident" time="3.33">
    <failure type="java.lang.RuntimeException">
      <![CDATA[java.lang.RuntimeException
at lib.utils.HTMLReporter.reportRequest(HTMLReporter.java:102)
at lib.rest.RESTAssuredBase.verifyContentType(RESTAssuredBase.java:206)
at tests.rest.TC001_CreateIncident.createIncident(TC001_CreateIncident.java:29)
at java.base/java.util.ArrayList.forEach(ArrayList.java:1541)
... Removed 27 stack frames]]>
    </failure>
  </testcase> <!-- createIncident -->
  <testcase classname="tests.rest.TC011_PutIncident2" name="putIncident" time="1.716">
    <failure type="java.lang.RuntimeException">
      <![CDATA[java.lang.RuntimeException
at lib.utils.HTMLReporter.reportRequest(HTMLReporter.java:102)
at lib.rest.RESTAssuredBase.verifyContentType(RESTAssuredBase.java:206)
at tests.rest.TC011_PutIncident2.putIncident(TC011_PutIncident2.java:31)
at java.base/java.util.ArrayList.forEach(ArrayList.java:1541)
... Removed 27 stack frames]]>
    </failure>
  </testcase> <!-- putIncident -->
  <testcase classname="tests.rest.TC011_delete3" name="deleteIncident" time="1.64">
    <failure type="java.lang.RuntimeException">
      <![CDATA[java.lang.RuntimeException
at lib.utils.HTMLReporter.reportRequest(HTMLReporter.java:102)
at lib.rest.RESTAssuredBase.verifyResponseCode(RESTAssuredBase.java:214)
at tests.rest.TC011_delete3.deleteIncident(TC011_delete3.java:31)
at java.base/java.util.ArrayList.forEach(ArrayList.java:1541)
... Removed 27 stack frames]]>
    </failure>
  </testcase> <!-- deleteIncident -->
  <testcase classname="lib.rest.PreAndTest" name="@BeforeSuite beforeSuite" time="0.0">
    <ignored/>
  </testcase> <!-- @BeforeSuite beforeSuite -->
  <testcase classname="lib.rest.PreAndTest" name="@AfterSuite afterSuite" time="0.0">
    <ignored/>
  </testcase> <!-- @AfterSuite afterSuite -->
  <testcase classname="lib.rest.PreAndTest" name="@BeforeSuite beforeSuite" time="0.0">
    <ignored/>
  </testcase> <!-- @BeforeSuite beforeSuite -->
  <testcase classname="lib.rest.PreAndTest" name="@AfterSuite afterSuite" time="0.0">
    <ignored/>
  </testcase> <!-- @AfterSuite afterSuite -->
</testsuite> <!-- Test -->
